<?xml version="1.0" encoding="UTF-8"?>
<!-- Generated by org.testng.reporters.JUnitReportReporter -->
<testsuite skipped="0" hostname="DESKTOP-R2T117J" name="practise.AppiumFramework.Ecommerce_tc_4" tests="1" failures="0" timestamp="2020-10-09T01:29:39 PDT" time="51.922" errors="0">
  <testcase name="totalValidation" time="51.922" classname="practise.AppiumFramework.Ecommerce_tc_4"/>
  <system-out/>
</testsuite> <!-- practise.AppiumFramework.Ecommerce_tc_4 -->
